<?xml version="1.0" encoding="UTF-8" ?>
<testsuites name="vitest tests" tests="78" failures="0" errors="0" time="0.0989584">
    <testsuite name="tests/scenarios/scenario.test.ts" timestamp="2026-06-01T12:32:01.740Z" hostname="runnervm3jyl0" tests="37" failures="0" errors="0" skipped="0" time="0.011533654">
        <testcase classname="tests/scenarios/scenario.test.ts" name="Smoke — runner emits hello on tick 1, 10-tick passive run &gt; completed within 10 ticks (reached tick 10)" time="0.001692556">
        </testcase>
        <testcase classname="tests/scenarios/scenario.test.ts" name="Smoke — runner emits hello on tick 1, 10-tick passive run &gt; hello event emitted at tick 1" time="0.000466483">
        </testcase>
        <testcase classname="tests/scenarios/scenario.test.ts" name="Smoke — runner emits hello on tick 1, 10-tick passive run &gt; finalState predicate" time="0.000234248">
        </testcase>
        <testcase classname="tests/scenarios/scenario.test.ts" name="Smoke — runner emits hello on tick 1, 10-tick passive run &gt; eventCounts[&quot;hello&quot;] exact 1" time="0.000125787">
        </testcase>
        <testcase classname="tests/scenarios/scenario.test.ts" name="Surface battle — merchant destroyed before tick 150 &gt; completed within 150 ticks (reached tick 73)" time="0.000183793">
        </testcase>
        <testcase classname="tests/scenarios/scenario.test.ts" name="Surface battle — merchant destroyed before tick 150 &gt; finalState predicate" time="0.00015468">
        </testcase>
        <testcase classname="tests/scenarios/scenario.test.ts" name="Surface battle — merchant destroyed before tick 150 &gt; eventCounts[&quot;combat_start&quot;] min 1" time="0.000103583">
        </testcase>
        <testcase classname="tests/scenarios/scenario.test.ts" name="Surface battle — merchant destroyed before tick 150 &gt; eventCounts[&quot;range_change&quot;] min 1" time="0.000078546">
        </testcase>
        <testcase classname="tests/scenarios/scenario.test.ts" name="Surface battle — merchant destroyed before tick 150 &gt; eventCounts[&quot;shot_fired&quot;] min 1" time="0.000317832">
        </testcase>
        <testcase classname="tests/scenarios/scenario.test.ts" name="Surface battle — merchant destroyed before tick 150 &gt; eventCounts[&quot;combat_end&quot;] exact 1" time="0.000182451">
        </testcase>
        <testcase classname="tests/scenarios/scenario.test.ts" name="Surface battle — merchant destroyed before tick 150 &gt; finalCombatResult === &quot;player_win&quot;" time="0.000150624">
        </testcase>
        <testcase classname="tests/scenarios/scenario.test.ts" name="Destroyer closes from LONG to SHORT within 60 ticks (player holds surface) &gt; completed within 60 ticks (reached tick 60)" time="0.000092076">
        </testcase>
        <testcase classname="tests/scenarios/scenario.test.ts" name="Destroyer closes from LONG to SHORT within 60 ticks (player holds surface) &gt; finalState predicate" time="0.000149522">
        </testcase>
        <testcase classname="tests/scenarios/scenario.test.ts" name="Destroyer closes from LONG to SHORT within 60 ticks (player holds surface) &gt; eventCounts[&quot;combat_start&quot;] exact 1" time="0.00008738">
        </testcase>
        <testcase classname="tests/scenarios/scenario.test.ts" name="Destroyer closes from LONG to SHORT within 60 ticks (player holds surface) &gt; eventCounts[&quot;range_change&quot;] min 1" time="0.00006735">
        </testcase>
        <testcase classname="tests/scenarios/scenario.test.ts" name="Destroyer dive — player dives and torpedoes destroyer within 300 ticks &gt; completed within 300 ticks (reached tick 34)" time="0.000078707">
        </testcase>
        <testcase classname="tests/scenarios/scenario.test.ts" name="Destroyer dive — player dives and torpedoes destroyer within 300 ticks &gt; finalState predicate" time="0.000090534">
        </testcase>
        <testcase classname="tests/scenarios/scenario.test.ts" name="Destroyer dive — player dives and torpedoes destroyer within 300 ticks &gt; eventCounts[&quot;combat_start&quot;] exact 1" time="0.000067921">
        </testcase>
        <testcase classname="tests/scenarios/scenario.test.ts" name="Destroyer dive — player dives and torpedoes destroyer within 300 ticks &gt; eventCounts[&quot;combat_end&quot;] exact 1" time="0.000059749">
        </testcase>
        <testcase classname="tests/scenarios/scenario.test.ts" name="Destroyer dive — player dives and torpedoes destroyer within 300 ticks &gt; eventCounts[&quot;shot_fired&quot;] min 1" time="0.000056014">
        </testcase>
        <testcase classname="tests/scenarios/scenario.test.ts" name="Destroyer dive — player dives and torpedoes destroyer within 300 ticks &gt; finalCombatResult === &quot;player_win&quot;" time="0.000056424">
        </testcase>
        <testcase classname="tests/scenarios/scenario.test.ts" name="Gunboat hunt — player closes and wins with torpedoes within 400 ticks &gt; completed within 400 ticks (reached tick 73)" time="0.000074921">
        </testcase>
        <testcase classname="tests/scenarios/scenario.test.ts" name="Gunboat hunt — player closes and wins with torpedoes within 400 ticks &gt; finalState predicate" time="0.000061372">
        </testcase>
        <testcase classname="tests/scenarios/scenario.test.ts" name="Gunboat hunt — player closes and wins with torpedoes within 400 ticks &gt; eventCounts[&quot;combat_start&quot;] exact 1" time="0.000056504">
        </testcase>
        <testcase classname="tests/scenarios/scenario.test.ts" name="Gunboat hunt — player closes and wins with torpedoes within 400 ticks &gt; eventCounts[&quot;combat_end&quot;] exact 1" time="0.000053009">
        </testcase>
        <testcase classname="tests/scenarios/scenario.test.ts" name="Gunboat hunt — player closes and wins with torpedoes within 400 ticks &gt; eventCounts[&quot;shot_fired&quot;] min 1" time="0.000049834">
        </testcase>
        <testcase classname="tests/scenarios/scenario.test.ts" name="Gunboat hunt — player closes and wins with torpedoes within 400 ticks &gt; finalCombatResult === &quot;player_win&quot;" time="0.000048502">
        </testcase>
        <testcase classname="tests/scenarios/scenario.test.ts" name="Merchant hunt — approach from PERISCOPE, surface, and destroy &gt; completed within 200 ticks (reached tick 42)" time="0.003154659">
        </testcase>
        <testcase classname="tests/scenarios/scenario.test.ts" name="Merchant hunt — approach from PERISCOPE, surface, and destroy &gt; player at PERISCOPE during approach (tick 15)" time="0.000118236">
        </testcase>
        <testcase classname="tests/scenarios/scenario.test.ts" name="Merchant hunt — approach from PERISCOPE, surface, and destroy &gt; player at SURFACE when entering SHORT range (tick 21)" time="0.000083814">
        </testcase>
        <testcase classname="tests/scenarios/scenario.test.ts" name="Merchant hunt — approach from PERISCOPE, surface, and destroy &gt; combat ongoing at tick 40 (meaningful duration)" time="0.000073499">
        </testcase>
        <testcase classname="tests/scenarios/scenario.test.ts" name="Merchant hunt — approach from PERISCOPE, surface, and destroy &gt; finalState predicate" time="0.000076474">
        </testcase>
        <testcase classname="tests/scenarios/scenario.test.ts" name="Merchant hunt — approach from PERISCOPE, surface, and destroy &gt; eventCounts[&quot;merchant_fled&quot;] min 1" time="0.000066269">
        </testcase>
        <testcase classname="tests/scenarios/scenario.test.ts" name="Merchant hunt — approach from PERISCOPE, surface, and destroy &gt; eventCounts[&quot;combat_end&quot;] exact 1" time="0.000054451">
        </testcase>
        <testcase classname="tests/scenarios/scenario.test.ts" name="Merchant hunt — approach from PERISCOPE, surface, and destroy &gt; eventCounts[&quot;range_change&quot;] min 1" time="0.000081802">
        </testcase>
        <testcase classname="tests/scenarios/scenario.test.ts" name="Merchant hunt — approach from PERISCOPE, surface, and destroy &gt; eventCounts[&quot;shot_fired&quot;] min 3" time="0.000065908">
        </testcase>
        <testcase classname="tests/scenarios/scenario.test.ts" name="Merchant hunt — approach from PERISCOPE, surface, and destroy &gt; finalCombatResult === &quot;player_win&quot;" time="0.000078967">
        </testcase>
    </testsuite>
    <testsuite name="src/sim/__tests__/crew-assignment.test.ts" timestamp="2026-06-01T12:32:01.754Z" hostname="runnervm3jyl0" tests="7" failures="0" errors="0" skipped="0" time="0.018725555">
        <testcase classname="src/sim/__tests__/crew-assignment.test.ts" name="crew assignment — in-process unit tests &gt; initial state has crew[0].roomId === &apos;bridge&apos;" time="0.00365288">
        </testcase>
        <testcase classname="src/sim/__tests__/crew-assignment.test.ts" name="crew assignment — in-process unit tests &gt; ASSIGN_CREW moves mate to deck_gun and updates both rooms" time="0.001722971">
        </testcase>
        <testcase classname="src/sim/__tests__/crew-assignment.test.ts" name="crew assignment — in-process unit tests &gt; run 150 ticks with crew at deck_gun — combat ends with player_win" time="0.002753784">
        </testcase>
        <testcase classname="src/sim/__tests__/crew-assignment.test.ts" name="crew assignment — in-process unit tests &gt; setInitialState overrides enemy starting position before tick 1" time="0.000393064">
        </testcase>
        <testcase classname="src/sim/__tests__/crew-assignment.test.ts" name="crew assignment — in-process unit tests &gt; setInitialState is a no-op after tick 1" time="0.000466424">
        </testcase>
        <testcase classname="src/sim/__tests__/crew-assignment.test.ts" name="crew assignment — in-process unit tests &gt; setInitialState playerDepth overrides depth and y consistently" time="0.000556657">
        </testcase>
        <testcase classname="src/sim/__tests__/crew-assignment.test.ts" name="crew assignment — in-process unit tests &gt; ScenarioInitial.enemyX affects combat via runScenario" time="0.005097137">
        </testcase>
    </testsuite>
    <testsuite name="src/sim/__tests__/destroyer-dive.test.ts" timestamp="2026-06-01T12:32:01.755Z" hostname="runnervm3jyl0" tests="4" failures="0" errors="0" skipped="0" time="0.017143273">
        <testcase classname="src/sim/__tests__/destroyer-dive.test.ts" name="destroyer_dive scenario &gt; initial state: two crew, bridge + engine, torpedo room empty" time="0.007037922">
        </testcase>
        <testcase classname="src/sim/__tests__/destroyer-dive.test.ts" name="destroyer_dive scenario &gt; SET_DEPTH is gated on bridge crew; ASSIGN_CREW moves engineer to torpedo" time="0.00141956">
        </testcase>
        <testcase classname="src/sim/__tests__/destroyer-dive.test.ts" name="destroyer_dive scenario &gt; depth transitions: player reaches PERISCOPE after 6 ticks" time="0.002035005">
        </testcase>
        <testcase classname="src/sim/__tests__/destroyer-dive.test.ts" name="destroyer_dive scenario &gt; full playthrough: dive + torpedo crew leads to player_win within 300 ticks" time="0.002406858">
        </testcase>
    </testsuite>
    <testsuite name="src/sim/__tests__/destroyer-pursuit.test.ts" timestamp="2026-06-01T12:32:01.756Z" hostname="runnervm3jyl0" tests="8" failures="0" errors="0" skipped="0" time="0.019225588">
        <testcase classname="src/sim/__tests__/destroyer-pursuit.test.ts" name="destroyer_battle scenario &gt; initial state: player at SURFACE HOLD, enemy at LONG AHEAD_FULL CLOSE, destroyerSpeed=15" time="0.005463551">
        </testcase>
        <testcase classname="src/sim/__tests__/destroyer-pursuit.test.ts" name="destroyer_battle scenario &gt; destroyer closes gap from LONG to SHORT within 60 ticks when player holds surface" time="0.004430505">
        </testcase>
        <testcase classname="src/sim/__tests__/destroyer-pursuit.test.ts" name="destroyer_battle scenario &gt; destroyer does NOT hold after firing a depth charge — direction stays CLOSE" time="0.001111532">
        </testcase>
        <testcase classname="src/sim/__tests__/destroyer-pursuit.test.ts" name="destroyer_battle scenario &gt; enemy aheadFullSpeed is absolute and independent of player xSpeed settings" time="0.000587603">
        </testcase>
        <testcase classname="src/sim/__tests__/destroyer-pursuit.test.ts" name="destroyer_battle scenario &gt; player win: dive and torpedo the destroyer within 400 ticks (seed 0)" time="0.00204479">
        </testcase>
        <testcase classname="src/sim/__tests__/destroyer-pursuit.test.ts" name="destroyer_battle scenario &gt; sub at DEEP loses sonar contact at any range — including RAMMING" time="0.000828071">
        </testcase>
        <testcase classname="src/sim/__tests__/destroyer-pursuit.test.ts" name="destroyer_battle scenario &gt; destroyer searches last known range when contact lost — closes if beyond, holds if at it" time="0.000250182">
        </testcase>
        <testcase classname="src/sim/__tests__/destroyer-pursuit.test.ts" name="destroyer_battle scenario &gt; position_report event emitted at tick 50 and 100" time="0.002787653">
        </testcase>
    </testsuite>
    <testsuite name="src/sim/__tests__/engine.test.ts" timestamp="2026-06-01T12:32:01.758Z" hostname="runnervm3jyl0" tests="7" failures="0" errors="0" skipped="0" time="0.005301441">
        <testcase classname="src/sim/__tests__/engine.test.ts" name="SimEngine &gt; starts at tick 0" time="0.001159674">
        </testcase>
        <testcase classname="src/sim/__tests__/engine.test.ts" name="SimEngine &gt; increments tick on each call to tick()" time="0.000415748">
        </testcase>
        <testcase classname="src/sim/__tests__/engine.test.ts" name="SimEngine &gt; emits a hello event on tick 1" time="0.001306862">
        </testcase>
        <testcase classname="src/sim/__tests__/engine.test.ts" name="SimEngine &gt; does not emit additional hello events on subsequent ticks" time="0.000238394">
        </testcase>
        <testcase classname="src/sim/__tests__/engine.test.ts" name="SimEngine &gt; is deterministic: same seed produces same rngState after N ticks" time="0.000376029">
        </testcase>
        <testcase classname="src/sim/__tests__/engine.test.ts" name="SimEngine &gt; different seeds produce different rngState" time="0.000324542">
        </testcase>
        <testcase classname="src/sim/__tests__/engine.test.ts" name="SimEngine &gt; getState returns a copy — mutating it does not affect engine" time="0.000274248">
        </testcase>
    </testsuite>
    <testsuite name="src/sim/__tests__/gunboat-hunt.test.ts" timestamp="2026-06-01T12:32:01.759Z" hostname="runnervm3jyl0" tests="5" failures="0" errors="0" skipped="0" time="0.013799754">
        <testcase classname="src/sim/__tests__/gunboat-hunt.test.ts" name="gunboat_hunt scenario &gt; initial state: sub at SURFACE, 2 crew (mate in bridge, engineer in torpedo), gunboat AHEAD_FULL CLOSE" time="0.004299712">
        </testcase>
        <testcase classname="src/sim/__tests__/gunboat-hunt.test.ts" name="gunboat_hunt scenario &gt; gunboat does not detect sub at SHALLOW (visual only)" time="0.002122214">
        </testcase>
        <testcase classname="src/sim/__tests__/gunboat-hunt.test.ts" name="gunboat_hunt scenario &gt; blind shots: gunboat fires up to 3 blind shots after sub dives from PERISCOPE to SHALLOW" time="0.002123466">
        </testcase>
        <testcase classname="src/sim/__tests__/gunboat-hunt.test.ts" name="gunboat_hunt scenario &gt; escape: result = escaped after 20 ticks at LONG range with no contact and OPEN net direction" time="0.000742454">
        </testcase>
        <testcase classname="src/sim/__tests__/gunboat-hunt.test.ts" name="gunboat_hunt scenario &gt; player win: seed 42, close then dive to fire torpedos at gunboat within 400 ticks" time="0.003069793">
        </testcase>
    </testsuite>
    <testsuite name="src/sim/__tests__/sim.test.ts" timestamp="2026-06-01T12:32:01.760Z" hostname="runnervm3jyl0" tests="10" failures="0" errors="0" skipped="0" time="0.013229135">
        <testcase classname="src/sim/__tests__/sim.test.ts" name="determinism &gt; same seed produces identical tick-by-tick state" time="0.004191651">
        </testcase>
        <testcase classname="src/sim/__tests__/sim.test.ts" name="determinism &gt; different seeds diverge by tick 10 (probabilistic)" time="0.002418165">
            <system-err>
[sim.test] WARN: seeds 1 and 999 produced identical logs at tick 10 — acceptable only while sim has no RNG-driven events beyond &apos;hello&apos;. Tighten this assertion once RNG events exist.

            </system-err>
        </testcase>
        <testcase classname="src/sim/__tests__/sim.test.ts" name="tick counter &gt; starts at 0 before any tick" time="0.00020147">
        </testcase>
        <testcase classname="src/sim/__tests__/sim.test.ts" name="tick counter &gt; increments by 1 per tick call" time="0.000290381">
        </testcase>
        <testcase classname="src/sim/__tests__/sim.test.ts" name="hello event &gt; emits exactly one hello event at tick 1" time="0.001158011">
        </testcase>
        <testcase classname="src/sim/__tests__/sim.test.ts" name="hello event &gt; does not emit hello event before tick 1" time="0.000349599">
        </testcase>
        <testcase classname="src/sim/__tests__/sim.test.ts" name="hello event &gt; does not emit a second hello event on tick 2" time="0.000407245">
        </testcase>
        <testcase classname="src/sim/__tests__/sim.test.ts" name="event log is append-only &gt; events from tick N are still present at tick N+1" time="0.000752849">
        </testcase>
        <testcase classname="src/sim/__tests__/sim.test.ts" name="event log is append-only &gt; running N ticks produces a monotonically growing log" time="0.000756655">
        </testcase>
        <testcase classname="src/sim/__tests__/sim.test.ts" name="getState() returns a snapshot &gt; mutating the returned snapshot does not corrupt engine state" time="0.000450971">
        </testcase>
    </testsuite>
</testsuites>
