<?xml version="1.0" encoding="UTF-8" ?>
<testsuites name="vitest tests" tests="78" failures="0" errors="0" time="0.097185612">
    <testsuite name="tests/scenarios/scenario.test.ts" timestamp="2026-06-01T12:32:33.195Z" hostname="runnervm3jyl0" tests="37" failures="0" errors="0" skipped="0" time="0.009618932">
        <testcase classname="tests/scenarios/scenario.test.ts" name="Smoke — runner emits hello on tick 1, 10-tick passive run &gt; completed within 10 ticks (reached tick 10)" time="0.001739895">
        </testcase>
        <testcase classname="tests/scenarios/scenario.test.ts" name="Smoke — runner emits hello on tick 1, 10-tick passive run &gt; hello event emitted at tick 1" time="0.000496418">
        </testcase>
        <testcase classname="tests/scenarios/scenario.test.ts" name="Smoke — runner emits hello on tick 1, 10-tick passive run &gt; finalState predicate" time="0.000161442">
        </testcase>
        <testcase classname="tests/scenarios/scenario.test.ts" name="Smoke — runner emits hello on tick 1, 10-tick passive run &gt; eventCounts[&quot;hello&quot;] exact 1" time="0.00013336">
        </testcase>
        <testcase classname="tests/scenarios/scenario.test.ts" name="Surface battle — merchant destroyed before tick 150 &gt; completed within 150 ticks (reached tick 73)" time="0.00017629">
        </testcase>
        <testcase classname="tests/scenarios/scenario.test.ts" name="Surface battle — merchant destroyed before tick 150 &gt; finalState predicate" time="0.000169397">
        </testcase>
        <testcase classname="tests/scenarios/scenario.test.ts" name="Surface battle — merchant destroyed before tick 150 &gt; eventCounts[&quot;combat_start&quot;] min 1" time="0.000127198">
        </testcase>
        <testcase classname="tests/scenarios/scenario.test.ts" name="Surface battle — merchant destroyed before tick 150 &gt; eventCounts[&quot;range_change&quot;] min 1" time="0.000098665">
        </testcase>
        <testcase classname="tests/scenarios/scenario.test.ts" name="Surface battle — merchant destroyed before tick 150 &gt; eventCounts[&quot;shot_fired&quot;] min 1" time="0.000407662">
        </testcase>
        <testcase classname="tests/scenarios/scenario.test.ts" name="Surface battle — merchant destroyed before tick 150 &gt; eventCounts[&quot;combat_end&quot;] exact 1" time="0.000202108">
        </testcase>
        <testcase classname="tests/scenarios/scenario.test.ts" name="Surface battle — merchant destroyed before tick 150 &gt; finalCombatResult === &quot;player_win&quot;" time="0.000193071">
        </testcase>
        <testcase classname="tests/scenarios/scenario.test.ts" name="Destroyer closes from LONG to SHORT within 60 ticks (player holds surface) &gt; completed within 60 ticks (reached tick 60)" time="0.000109565">
        </testcase>
        <testcase classname="tests/scenarios/scenario.test.ts" name="Destroyer closes from LONG to SHORT within 60 ticks (player holds surface) &gt; finalState predicate" time="0.000181419">
        </testcase>
        <testcase classname="tests/scenarios/scenario.test.ts" name="Destroyer closes from LONG to SHORT within 60 ticks (player holds surface) &gt; eventCounts[&quot;combat_start&quot;] exact 1" time="0.000137347">
        </testcase>
        <testcase classname="tests/scenarios/scenario.test.ts" name="Destroyer closes from LONG to SHORT within 60 ticks (player holds surface) &gt; eventCounts[&quot;range_change&quot;] min 1" time="0.000100177">
        </testcase>
        <testcase classname="tests/scenarios/scenario.test.ts" name="Destroyer dive — player dives and torpedoes destroyer within 300 ticks &gt; completed within 300 ticks (reached tick 34)" time="0.000109034">
        </testcase>
        <testcase classname="tests/scenarios/scenario.test.ts" name="Destroyer dive — player dives and torpedoes destroyer within 300 ticks &gt; finalState predicate" time="0.000100268">
        </testcase>
        <testcase classname="tests/scenarios/scenario.test.ts" name="Destroyer dive — player dives and torpedoes destroyer within 300 ticks &gt; eventCounts[&quot;combat_start&quot;] exact 1" time="0.000093746">
        </testcase>
        <testcase classname="tests/scenarios/scenario.test.ts" name="Destroyer dive — player dives and torpedoes destroyer within 300 ticks &gt; eventCounts[&quot;combat_end&quot;] exact 1" time="0.000097402">
        </testcase>
        <testcase classname="tests/scenarios/scenario.test.ts" name="Destroyer dive — player dives and torpedoes destroyer within 300 ticks &gt; eventCounts[&quot;shot_fired&quot;] min 1" time="0.000096981">
        </testcase>
        <testcase classname="tests/scenarios/scenario.test.ts" name="Destroyer dive — player dives and torpedoes destroyer within 300 ticks &gt; finalCombatResult === &quot;player_win&quot;" time="0.00009109">
        </testcase>
        <testcase classname="tests/scenarios/scenario.test.ts" name="Gunboat hunt — player closes and wins with torpedoes within 400 ticks &gt; completed within 400 ticks (reached tick 73)" time="0.000104325">
        </testcase>
        <testcase classname="tests/scenarios/scenario.test.ts" name="Gunboat hunt — player closes and wins with torpedoes within 400 ticks &gt; finalState predicate" time="0.000127338">
        </testcase>
        <testcase classname="tests/scenarios/scenario.test.ts" name="Gunboat hunt — player closes and wins with torpedoes within 400 ticks &gt; eventCounts[&quot;combat_start&quot;] exact 1" time="0.000093926">
        </testcase>
        <testcase classname="tests/scenarios/scenario.test.ts" name="Gunboat hunt — player closes and wins with torpedoes within 400 ticks &gt; eventCounts[&quot;combat_end&quot;] exact 1" time="0.000092833">
        </testcase>
        <testcase classname="tests/scenarios/scenario.test.ts" name="Gunboat hunt — player closes and wins with torpedoes within 400 ticks &gt; eventCounts[&quot;shot_fired&quot;] min 1" time="0.000093575">
        </testcase>
        <testcase classname="tests/scenarios/scenario.test.ts" name="Gunboat hunt — player closes and wins with torpedoes within 400 ticks &gt; finalCombatResult === &quot;player_win&quot;" time="0.000091972">
        </testcase>
        <testcase classname="tests/scenarios/scenario.test.ts" name="Merchant hunt — approach from PERISCOPE, surface, and destroy &gt; completed within 200 ticks (reached tick 42)" time="0.000108823">
        </testcase>
        <testcase classname="tests/scenarios/scenario.test.ts" name="Merchant hunt — approach from PERISCOPE, surface, and destroy &gt; player at PERISCOPE during approach (tick 15)" time="0.000098204">
        </testcase>
        <testcase classname="tests/scenarios/scenario.test.ts" name="Merchant hunt — approach from PERISCOPE, surface, and destroy &gt; player at SURFACE when entering SHORT range (tick 21)" time="0.000113974">
        </testcase>
        <testcase classname="tests/scenarios/scenario.test.ts" name="Merchant hunt — approach from PERISCOPE, surface, and destroy &gt; combat ongoing at tick 40 (meaningful duration)" time="0.000088576">
        </testcase>
        <testcase classname="tests/scenarios/scenario.test.ts" name="Merchant hunt — approach from PERISCOPE, surface, and destroy &gt; finalState predicate" time="0.000100117">
        </testcase>
        <testcase classname="tests/scenarios/scenario.test.ts" name="Merchant hunt — approach from PERISCOPE, surface, and destroy &gt; eventCounts[&quot;merchant_fled&quot;] min 1" time="0.000095178">
        </testcase>
        <testcase classname="tests/scenarios/scenario.test.ts" name="Merchant hunt — approach from PERISCOPE, surface, and destroy &gt; eventCounts[&quot;combat_end&quot;] exact 1" time="0.000095318">
        </testcase>
        <testcase classname="tests/scenarios/scenario.test.ts" name="Merchant hunt — approach from PERISCOPE, surface, and destroy &gt; eventCounts[&quot;range_change&quot;] min 1" time="0.000100268">
        </testcase>
        <testcase classname="tests/scenarios/scenario.test.ts" name="Merchant hunt — approach from PERISCOPE, surface, and destroy &gt; eventCounts[&quot;shot_fired&quot;] min 3" time="0.000096049">
        </testcase>
        <testcase classname="tests/scenarios/scenario.test.ts" name="Merchant hunt — approach from PERISCOPE, surface, and destroy &gt; finalCombatResult === &quot;player_win&quot;" time="0.000087083">
        </testcase>
    </testsuite>
    <testsuite name="src/sim/__tests__/crew-assignment.test.ts" timestamp="2026-06-01T12:32:33.212Z" hostname="runnervm3jyl0" tests="7" failures="0" errors="0" skipped="0" time="0.010867798">
        <testcase classname="src/sim/__tests__/crew-assignment.test.ts" name="crew assignment — in-process unit tests &gt; initial state has crew[0].roomId === &apos;bridge&apos;" time="0.002831726">
        </testcase>
        <testcase classname="src/sim/__tests__/crew-assignment.test.ts" name="crew assignment — in-process unit tests &gt; ASSIGN_CREW moves mate to deck_gun and updates both rooms" time="0.001289913">
        </testcase>
        <testcase classname="src/sim/__tests__/crew-assignment.test.ts" name="crew assignment — in-process unit tests &gt; run 150 ticks with crew at deck_gun — combat ends with player_win" time="0.001756385">
        </testcase>
        <testcase classname="src/sim/__tests__/crew-assignment.test.ts" name="crew assignment — in-process unit tests &gt; setInitialState overrides enemy starting position before tick 1" time="0.000265427">
        </testcase>
        <testcase classname="src/sim/__tests__/crew-assignment.test.ts" name="crew assignment — in-process unit tests &gt; setInitialState is a no-op after tick 1" time="0.000281065">
        </testcase>
        <testcase classname="src/sim/__tests__/crew-assignment.test.ts" name="crew assignment — in-process unit tests &gt; setInitialState playerDepth overrides depth and y consistently" time="0.000399527">
        </testcase>
        <testcase classname="src/sim/__tests__/crew-assignment.test.ts" name="crew assignment — in-process unit tests &gt; ScenarioInitial.enemyX affects combat via runScenario" time="0.002795779">
        </testcase>
    </testsuite>
    <testsuite name="src/sim/__tests__/destroyer-dive.test.ts" timestamp="2026-06-01T12:32:33.214Z" hostname="runnervm3jyl0" tests="4" failures="0" errors="0" skipped="0" time="0.011158099">
        <testcase classname="src/sim/__tests__/destroyer-dive.test.ts" name="destroyer_dive scenario &gt; initial state: two crew, bridge + engine, torpedo room empty" time="0.004896076">
        </testcase>
        <testcase classname="src/sim/__tests__/destroyer-dive.test.ts" name="destroyer_dive scenario &gt; SET_DEPTH is gated on bridge crew; ASSIGN_CREW moves engineer to torpedo" time="0.001264856">
        </testcase>
        <testcase classname="src/sim/__tests__/destroyer-dive.test.ts" name="destroyer_dive scenario &gt; depth transitions: player reaches PERISCOPE after 6 ticks" time="0.001977489">
        </testcase>
        <testcase classname="src/sim/__tests__/destroyer-dive.test.ts" name="destroyer_dive scenario &gt; full playthrough: dive + torpedo crew leads to player_win within 300 ticks" time="0.001700821">
        </testcase>
    </testsuite>
    <testsuite name="src/sim/__tests__/destroyer-pursuit.test.ts" timestamp="2026-06-01T12:32:33.215Z" hostname="runnervm3jyl0" tests="8" failures="0" errors="0" skipped="0" time="0.027512492">
        <testcase classname="src/sim/__tests__/destroyer-pursuit.test.ts" name="destroyer_battle scenario &gt; initial state: player at SURFACE HOLD, enemy at LONG AHEAD_FULL CLOSE, destroyerSpeed=15" time="0.006205959">
        </testcase>
        <testcase classname="src/sim/__tests__/destroyer-pursuit.test.ts" name="destroyer_battle scenario &gt; destroyer closes gap from LONG to SHORT within 60 ticks when player holds surface" time="0.00369961">
        </testcase>
        <testcase classname="src/sim/__tests__/destroyer-pursuit.test.ts" name="destroyer_battle scenario &gt; destroyer does NOT hold after firing a depth charge — direction stays CLOSE" time="0.001375713">
        </testcase>
        <testcase classname="src/sim/__tests__/destroyer-pursuit.test.ts" name="destroyer_battle scenario &gt; enemy aheadFullSpeed is absolute and independent of player xSpeed settings" time="0.000688428">
        </testcase>
        <testcase classname="src/sim/__tests__/destroyer-pursuit.test.ts" name="destroyer_battle scenario &gt; player win: dive and torpedo the destroyer within 400 ticks (seed 0)" time="0.00229357">
        </testcase>
        <testcase classname="src/sim/__tests__/destroyer-pursuit.test.ts" name="destroyer_battle scenario &gt; sub at DEEP loses sonar contact at any range — including RAMMING" time="0.001072045">
        </testcase>
        <testcase classname="src/sim/__tests__/destroyer-pursuit.test.ts" name="destroyer_battle scenario &gt; destroyer searches last known range when contact lost — closes if beyond, holds if at it" time="0.000300441">
        </testcase>
        <testcase classname="src/sim/__tests__/destroyer-pursuit.test.ts" name="destroyer_battle scenario &gt; position_report event emitted at tick 50 and 100" time="0.0051268">
        </testcase>
    </testsuite>
    <testsuite name="src/sim/__tests__/engine.test.ts" timestamp="2026-06-01T12:32:33.218Z" hostname="runnervm3jyl0" tests="7" failures="0" errors="0" skipped="0" time="0.006921977">
        <testcase classname="src/sim/__tests__/engine.test.ts" name="SimEngine &gt; starts at tick 0" time="0.001909962">
        </testcase>
        <testcase classname="src/sim/__tests__/engine.test.ts" name="SimEngine &gt; increments tick on each call to tick()" time="0.00056162">
        </testcase>
        <testcase classname="src/sim/__tests__/engine.test.ts" name="SimEngine &gt; emits a hello event on tick 1" time="0.001579244">
        </testcase>
        <testcase classname="src/sim/__tests__/engine.test.ts" name="SimEngine &gt; does not emit additional hello events on subsequent ticks" time="0.000296675">
        </testcase>
        <testcase classname="src/sim/__tests__/engine.test.ts" name="SimEngine &gt; is deterministic: same seed produces same rngState after N ticks" time="0.000437037">
        </testcase>
        <testcase classname="src/sim/__tests__/engine.test.ts" name="SimEngine &gt; different seeds produce different rngState" time="0.000384379">
        </testcase>
        <testcase classname="src/sim/__tests__/engine.test.ts" name="SimEngine &gt; getState returns a copy — mutating it does not affect engine" time="0.000340246">
        </testcase>
    </testsuite>
    <testsuite name="src/sim/__tests__/gunboat-hunt.test.ts" timestamp="2026-06-01T12:32:33.219Z" hostname="runnervm3jyl0" tests="5" failures="0" errors="0" skipped="0" time="0.017767304">
        <testcase classname="src/sim/__tests__/gunboat-hunt.test.ts" name="gunboat_hunt scenario &gt; initial state: sub at SURFACE, 2 crew (mate in bridge, engineer in torpedo), gunboat AHEAD_FULL CLOSE" time="0.008653206">
        </testcase>
        <testcase classname="src/sim/__tests__/gunboat-hunt.test.ts" name="gunboat_hunt scenario &gt; gunboat does not detect sub at SHALLOW (visual only)" time="0.002293911">
        </testcase>
        <testcase classname="src/sim/__tests__/gunboat-hunt.test.ts" name="gunboat_hunt scenario &gt; blind shots: gunboat fires up to 3 blind shots after sub dives from PERISCOPE to SHALLOW" time="0.001776022">
        </testcase>
        <testcase classname="src/sim/__tests__/gunboat-hunt.test.ts" name="gunboat_hunt scenario &gt; escape: result = escaped after 20 ticks at LONG range with no contact and OPEN net direction" time="0.00063096">
        </testcase>
        <testcase classname="src/sim/__tests__/gunboat-hunt.test.ts" name="gunboat_hunt scenario &gt; player win: seed 42, close then dive to fire torpedos at gunboat within 400 ticks" time="0.002809836">
        </testcase>
    </testsuite>
    <testsuite name="src/sim/__tests__/sim.test.ts" timestamp="2026-06-01T12:32:33.220Z" hostname="runnervm3jyl0" tests="10" failures="0" errors="0" skipped="0" time="0.01333901">
        <testcase classname="src/sim/__tests__/sim.test.ts" name="determinism &gt; same seed produces identical tick-by-tick state" time="0.004728264">
        </testcase>
        <testcase classname="src/sim/__tests__/sim.test.ts" name="determinism &gt; different seeds diverge by tick 10 (probabilistic)" time="0.00151266">
            <system-err>
[sim.test] WARN: seeds 1 and 999 produced identical logs at tick 10 — acceptable only while sim has no RNG-driven events beyond &apos;hello&apos;. Tighten this assertion once RNG events exist.

            </system-err>
        </testcase>
        <testcase classname="src/sim/__tests__/sim.test.ts" name="tick counter &gt; starts at 0 before any tick" time="0.000182882">
        </testcase>
        <testcase classname="src/sim/__tests__/sim.test.ts" name="tick counter &gt; increments by 1 per tick call" time="0.000320329">
        </testcase>
        <testcase classname="src/sim/__tests__/sim.test.ts" name="hello event &gt; emits exactly one hello event at tick 1" time="0.001147907">
        </testcase>
        <testcase classname="src/sim/__tests__/sim.test.ts" name="hello event &gt; does not emit hello event before tick 1" time="0.000334225">
        </testcase>
        <testcase classname="src/sim/__tests__/sim.test.ts" name="hello event &gt; does not emit a second hello event on tick 2" time="0.000469959">
        </testcase>
        <testcase classname="src/sim/__tests__/sim.test.ts" name="event log is append-only &gt; events from tick N are still present at tick N+1" time="0.00114907">
        </testcase>
        <testcase classname="src/sim/__tests__/sim.test.ts" name="event log is append-only &gt; running N ticks produces a monotonically growing log" time="0.000798173">
        </testcase>
        <testcase classname="src/sim/__tests__/sim.test.ts" name="getState() returns a snapshot &gt; mutating the returned snapshot does not corrupt engine state" time="0.000554036">
        </testcase>
    </testsuite>
</testsuites>
