<?xml version="1.0" encoding="UTF-8" ?>
<testsuites name="vitest tests" tests="52" failures="0" errors="0" time="0.064396539">
    <testsuite name="tests/scenarios/destroyer-battle.scenario.ts" timestamp="2026-05-27T14:27:56.639Z" hostname="runnervmg397c" tests="8" failures="0" errors="0" skipped="0" time="0.016727553">
        <testcase classname="tests/scenarios/destroyer-battle.scenario.ts" name="destroyer_battle scenario &gt; initial state: player at SURFACE HOLD, enemy at LONG AHEAD_FULL CLOSE, destroyerSpeed=15" time="0.005255118">
        </testcase>
        <testcase classname="tests/scenarios/destroyer-battle.scenario.ts" name="destroyer_battle scenario &gt; destroyer closes gap from LONG to SHORT within 60 ticks when player holds surface" time="0.003383414">
        </testcase>
        <testcase classname="tests/scenarios/destroyer-battle.scenario.ts" name="destroyer_battle scenario &gt; destroyer does NOT hold after firing a depth charge — direction stays CLOSE" time="0.000934355">
        </testcase>
        <testcase classname="tests/scenarios/destroyer-battle.scenario.ts" name="destroyer_battle scenario &gt; enemy aheadFullSpeed is absolute and independent of player xSpeed settings" time="0.000511735">
        </testcase>
        <testcase classname="tests/scenarios/destroyer-battle.scenario.ts" name="destroyer_battle scenario &gt; player win: dive and torpedo the destroyer within 400 ticks (seed 0)" time="0.001701888">
        </testcase>
        <testcase classname="tests/scenarios/destroyer-battle.scenario.ts" name="destroyer_battle scenario &gt; sub at DEEP loses sonar contact at any range — including RAMMING" time="0.000502771">
        </testcase>
        <testcase classname="tests/scenarios/destroyer-battle.scenario.ts" name="destroyer_battle scenario &gt; destroyer searches last known range when contact lost — closes if beyond, holds if at it" time="0.000167414">
        </testcase>
        <testcase classname="tests/scenarios/destroyer-battle.scenario.ts" name="destroyer_battle scenario &gt; position_report event emitted at tick 50 and 100" time="0.002057596">
        </testcase>
    </testsuite>
    <testsuite name="tests/scenarios/destroyer-dive.scenario.ts" timestamp="2026-05-27T14:27:56.654Z" hostname="runnervmg397c" tests="4" failures="0" errors="0" skipped="0" time="0.008542672">
        <testcase classname="tests/scenarios/destroyer-dive.scenario.ts" name="destroyer_dive scenario &gt; initial state: two crew, bridge + engine, torpedo room empty" time="0.003109674">
        </testcase>
        <testcase classname="tests/scenarios/destroyer-dive.scenario.ts" name="destroyer_dive scenario &gt; SET_DEPTH is gated on bridge crew; ASSIGN_CREW moves engineer to torpedo" time="0.00080534">
        </testcase>
        <testcase classname="tests/scenarios/destroyer-dive.scenario.ts" name="destroyer_dive scenario &gt; depth transitions: player reaches PERISCOPE after 6 ticks" time="0.001470406">
        </testcase>
        <testcase classname="tests/scenarios/destroyer-dive.scenario.ts" name="destroyer_dive scenario &gt; full playthrough: dive + torpedo crew leads to player_win within 300 ticks" time="0.001369674">
        </testcase>
    </testsuite>
    <testsuite name="tests/scenarios/gunboat-hunt.scenario.ts" timestamp="2026-05-27T14:27:56.655Z" hostname="runnervmg397c" tests="5" failures="0" errors="0" skipped="0" time="0.012897082">
        <testcase classname="tests/scenarios/gunboat-hunt.scenario.ts" name="gunboat_hunt scenario &gt; initial state: sub at SURFACE, 2 crew (mate in bridge, engineer in torpedo), gunboat AHEAD_FULL CLOSE" time="0.004815603">
        </testcase>
        <testcase classname="tests/scenarios/gunboat-hunt.scenario.ts" name="gunboat_hunt scenario &gt; gunboat does not detect sub at SHALLOW (visual only)" time="0.002044936">
        </testcase>
        <testcase classname="tests/scenarios/gunboat-hunt.scenario.ts" name="gunboat_hunt scenario &gt; blind shots: gunboat fires up to 3 blind shots after sub dives from PERISCOPE to SHALLOW" time="0.001491138">
        </testcase>
        <testcase classname="tests/scenarios/gunboat-hunt.scenario.ts" name="gunboat_hunt scenario &gt; escape: result = escaped after 20 ticks at LONG range with no contact and OPEN net direction" time="0.000501509">
        </testcase>
        <testcase classname="tests/scenarios/gunboat-hunt.scenario.ts" name="gunboat_hunt scenario &gt; player win: seed 42, close then dive to fire torpedos at gunboat within 400 ticks" time="0.002275766">
        </testcase>
    </testsuite>
    <testsuite name="tests/scenarios/scenario.test.ts" timestamp="2026-05-27T14:27:56.656Z" hostname="runnervmg397c" tests="18" failures="0" errors="0" skipped="0" time="0.011182806">
        <testcase classname="tests/scenarios/scenario.test.ts" name="crew assignment — in-process unit tests &gt; initial state has crew[0].roomId === &apos;bridge&apos;" time="0.004123896">
        </testcase>
        <testcase classname="tests/scenarios/scenario.test.ts" name="crew assignment — in-process unit tests &gt; ASSIGN_CREW moves mate to deck_gun and updates both rooms" time="0.001219858">
        </testcase>
        <testcase classname="tests/scenarios/scenario.test.ts" name="crew assignment — in-process unit tests &gt; run 150 ticks with crew at deck_gun — combat ends with player_win" time="0.000806291">
        </testcase>
        <testcase classname="tests/scenarios/scenario.test.ts" name="crew assignment — in-process unit tests &gt; setInitialState overrides enemy starting position before tick 1" time="0.000421398">
        </testcase>
        <testcase classname="tests/scenarios/scenario.test.ts" name="crew assignment — in-process unit tests &gt; setInitialState is a no-op after tick 1" time="0.000234365">
        </testcase>
        <testcase classname="tests/scenarios/scenario.test.ts" name="crew assignment — in-process unit tests &gt; setInitialState playerDepth overrides depth and y consistently" time="0.000454568">
        </testcase>
        <testcase classname="tests/scenarios/scenario.test.ts" name="crew assignment — in-process unit tests &gt; ScenarioInitial.enemyX affects combat via runScenario" time="0.000566158">
        </testcase>
        <testcase classname="tests/scenarios/scenario.test.ts" name="Smoke — runner emits hello on tick 1, 10-tick passive run &gt; completed within 10 ticks (reached tick 10)" time="0.00029756">
        </testcase>
        <testcase classname="tests/scenarios/scenario.test.ts" name="Smoke — runner emits hello on tick 1, 10-tick passive run &gt; hello event emitted at tick 1" time="0.000301667">
        </testcase>
        <testcase classname="tests/scenarios/scenario.test.ts" name="Smoke — runner emits hello on tick 1, 10-tick passive run &gt; finalState predicate" time="0.000124609">
        </testcase>
        <testcase classname="tests/scenarios/scenario.test.ts" name="Smoke — runner emits hello on tick 1, 10-tick passive run &gt; eventCounts[&quot;hello&quot;] exact 1" time="0.000070707">
        </testcase>
        <testcase classname="tests/scenarios/scenario.test.ts" name="Surface battle — merchant destroyed before tick 150 &gt; completed within 150 ticks (reached tick 32)" time="0.000068333">
        </testcase>
        <testcase classname="tests/scenarios/scenario.test.ts" name="Surface battle — merchant destroyed before tick 150 &gt; finalState predicate" time="0.000091889">
        </testcase>
        <testcase classname="tests/scenarios/scenario.test.ts" name="Surface battle — merchant destroyed before tick 150 &gt; eventCounts[&quot;combat_start&quot;] min 1" time="0.000052159">
        </testcase>
        <testcase classname="tests/scenarios/scenario.test.ts" name="Surface battle — merchant destroyed before tick 150 &gt; eventCounts[&quot;range_change&quot;] min 1" time="0.000048824">
        </testcase>
        <testcase classname="tests/scenarios/scenario.test.ts" name="Surface battle — merchant destroyed before tick 150 &gt; eventCounts[&quot;shot_fired&quot;] min 1" time="0.000116076">
        </testcase>
        <testcase classname="tests/scenarios/scenario.test.ts" name="Surface battle — merchant destroyed before tick 150 &gt; eventCounts[&quot;combat_end&quot;] exact 1" time="0.000078109">
        </testcase>
        <testcase classname="tests/scenarios/scenario.test.ts" name="Surface battle — merchant destroyed before tick 150 &gt; finalCombatResult === &quot;player_win&quot;" time="0.000074222">
        </testcase>
    </testsuite>
    <testsuite name="src/sim/__tests__/engine.test.ts" timestamp="2026-05-27T14:27:56.665Z" hostname="runnervmg397c" tests="7" failures="0" errors="0" skipped="0" time="0.005541031">
        <testcase classname="src/sim/__tests__/engine.test.ts" name="SimEngine &gt; starts at tick 0" time="0.001270514">
        </testcase>
        <testcase classname="src/sim/__tests__/engine.test.ts" name="SimEngine &gt; increments tick on each call to tick()" time="0.000449671">
        </testcase>
        <testcase classname="src/sim/__tests__/engine.test.ts" name="SimEngine &gt; emits a hello event on tick 1" time="0.001287871">
        </testcase>
        <testcase classname="src/sim/__tests__/engine.test.ts" name="SimEngine &gt; does not emit additional hello events on subsequent ticks" time="0.000258742">
        </testcase>
        <testcase classname="src/sim/__tests__/engine.test.ts" name="SimEngine &gt; is deterministic: same seed produces same rngState after N ticks" time="0.000416261">
        </testcase>
        <testcase classname="src/sim/__tests__/engine.test.ts" name="SimEngine &gt; different seeds produce different rngState" time="0.000338332">
        </testcase>
        <testcase classname="src/sim/__tests__/engine.test.ts" name="SimEngine &gt; getState returns a copy — mutating it does not affect engine" time="0.000291021">
        </testcase>
    </testsuite>
    <testsuite name="src/sim/__tests__/sim.test.ts" timestamp="2026-05-27T14:27:56.672Z" hostname="runnervmg397c" tests="10" failures="0" errors="0" skipped="0" time="0.009505395">
        <testcase classname="src/sim/__tests__/sim.test.ts" name="determinism &gt; same seed produces identical tick-by-tick state" time="0.002920462">
        </testcase>
        <testcase classname="src/sim/__tests__/sim.test.ts" name="determinism &gt; different seeds diverge by tick 10 (probabilistic)" time="0.001081418">
            <system-err>
[sim.test] WARN: seeds 1 and 999 produced identical logs at tick 10 — acceptable only while sim has no RNG-driven events beyond &apos;hello&apos;. Tighten this assertion once RNG events exist.

            </system-err>
        </testcase>
        <testcase classname="src/sim/__tests__/sim.test.ts" name="tick counter &gt; starts at 0 before any tick" time="0.000149977">
        </testcase>
        <testcase classname="src/sim/__tests__/sim.test.ts" name="tick counter &gt; increments by 1 per tick call" time="0.000258862">
        </testcase>
        <testcase classname="src/sim/__tests__/sim.test.ts" name="hello event &gt; emits exactly one hello event at tick 1" time="0.000877318">
        </testcase>
        <testcase classname="src/sim/__tests__/sim.test.ts" name="hello event &gt; does not emit hello event before tick 1" time="0.0002575">
        </testcase>
        <testcase classname="src/sim/__tests__/sim.test.ts" name="hello event &gt; does not emit a second hello event on tick 2" time="0.000315848">
        </testcase>
        <testcase classname="src/sim/__tests__/sim.test.ts" name="event log is append-only &gt; events from tick N are still present at tick N+1" time="0.000561831">
        </testcase>
        <testcase classname="src/sim/__tests__/sim.test.ts" name="event log is append-only &gt; running N ticks produces a monotonically growing log" time="0.000572647">
        </testcase>
        <testcase classname="src/sim/__tests__/sim.test.ts" name="getState() returns a snapshot &gt; mutating the returned snapshot does not corrupt engine state" time="0.00036289">
        </testcase>
    </testsuite>
</testsuites>
