<?xml version="1.0" encoding="UTF-8" ?>
<testsuites name="vitest tests" tests="113" failures="0" errors="0" time="0.245480958">
    <testsuite name="tests/scenarios/battle.scenario.ts" timestamp="2026-09-23T00:22:09.053Z" hostname="runnervmlun5p" tests="9" failures="0" errors="0" skipped="0" time="0.019556981">
        <testcase classname="tests/scenarios/battle.scenario.ts" name="battle scenario — destroyer, seed 42, 300 ticks &gt; headless binary must be present" time="0.001659385">
        </testcase>
        <testcase classname="tests/scenarios/battle.scenario.ts" name="battle scenario — destroyer, seed 42, 300 ticks &gt; exits with code 0" time="0.000634368">
        </testcase>
        <testcase classname="tests/scenarios/battle.scenario.ts" name="battle scenario — destroyer, seed 42, 300 ticks &gt; stdout is valid JSON" time="0.000243598">
        </testcase>
        <testcase classname="tests/scenarios/battle.scenario.ts" name="battle scenario — destroyer, seed 42, 300 ticks &gt; ticks field equals requested ticks" time="0.000174413">
        </testcase>
        <testcase classname="tests/scenarios/battle.scenario.ts" name="battle scenario — destroyer, seed 42, 300 ticks &gt; log contains at least one range_change event" time="0.000590671">
        </testcase>
        <testcase classname="tests/scenarios/battle.scenario.ts" name="battle scenario — destroyer, seed 42, 300 ticks &gt; log contains a combat_start event" time="0.00026512">
        </testcase>
        <testcase classname="tests/scenarios/battle.scenario.ts" name="battle scenario — destroyer, seed 42, 300 ticks &gt; log contains a combat_end event within 300 ticks" time="0.000247914">
        </testcase>
        <testcase classname="tests/scenarios/battle.scenario.ts" name="battle scenario — destroyer, seed 42, 300 ticks &gt; determinism: two runs with seed 42 produce identical log lengths" time="0.000196967">
        </testcase>
        <testcase classname="tests/scenarios/battle.scenario.ts" name="battle scenario — destroyer, seed 42, 300 ticks &gt; determinism: two runs with seed 42 produce identical rngState" time="0.001070106">
        </testcase>
    </testsuite>
    <testsuite name="tests/scenarios/scenario.test.ts" timestamp="2026-09-23T00:22:09.096Z" hostname="runnervmlun5p" tests="33" failures="0" errors="0" skipped="0" time="0.009697298">
        <testcase classname="tests/scenarios/scenario.test.ts" name="Smoke — runner emits hello on tick 1, 10-tick passive run &gt; completed within 10 ticks (reached tick 10)" time="0.001491021">
        </testcase>
        <testcase classname="tests/scenarios/scenario.test.ts" name="Smoke — runner emits hello on tick 1, 10-tick passive run &gt; hello event emitted at tick 1" time="0.000472644">
        </testcase>
        <testcase classname="tests/scenarios/scenario.test.ts" name="Smoke — runner emits hello on tick 1, 10-tick passive run &gt; finalState predicate" time="0.000171039">
        </testcase>
        <testcase classname="tests/scenarios/scenario.test.ts" name="Smoke — runner emits hello on tick 1, 10-tick passive run &gt; eventCounts[&quot;hello&quot;] exact 1" time="0.000146581">
        </testcase>
        <testcase classname="tests/scenarios/scenario.test.ts" name="Surface battle — merchant destroyed before tick 200 &gt; completed within 200 ticks (reached tick 190)" time="0.00017234">
        </testcase>
        <testcase classname="tests/scenarios/scenario.test.ts" name="Surface battle — merchant destroyed before tick 200 &gt; finalState predicate" time="0.000184819">
        </testcase>
        <testcase classname="tests/scenarios/scenario.test.ts" name="Surface battle — merchant destroyed before tick 200 &gt; eventCounts[&quot;combat_start&quot;] min 1" time="0.000132581">
        </testcase>
        <testcase classname="tests/scenarios/scenario.test.ts" name="Surface battle — merchant destroyed before tick 200 &gt; eventCounts[&quot;range_change&quot;] min 1" time="0.00011972">
        </testcase>
        <testcase classname="tests/scenarios/scenario.test.ts" name="Surface battle — merchant destroyed before tick 200 &gt; eventCounts[&quot;weapon_fired&quot;] min 1" time="0.000320404">
        </testcase>
        <testcase classname="tests/scenarios/scenario.test.ts" name="Surface battle — merchant destroyed before tick 200 &gt; eventCounts[&quot;combat_end&quot;] exact 1" time="0.000151539">
        </testcase>
        <testcase classname="tests/scenarios/scenario.test.ts" name="Surface battle — merchant destroyed before tick 200 &gt; finalCombatResult === &quot;player_win&quot;" time="0.00013946">
        </testcase>
        <testcase classname="tests/scenarios/scenario.test.ts" name="Destroyer closes from LONG to SHORT within 60 ticks (player holds surface) &gt; completed within 60 ticks (reached tick 60)" time="0.000108183">
        </testcase>
        <testcase classname="tests/scenarios/scenario.test.ts" name="Destroyer closes from LONG to SHORT within 60 ticks (player holds surface) &gt; finalState predicate" time="0.000771014">
        </testcase>
        <testcase classname="tests/scenarios/scenario.test.ts" name="Destroyer closes from LONG to SHORT within 60 ticks (player holds surface) &gt; eventCounts[&quot;combat_start&quot;] exact 1" time="0.000101463">
        </testcase>
        <testcase classname="tests/scenarios/scenario.test.ts" name="Destroyer closes from LONG to SHORT within 60 ticks (player holds surface) &gt; eventCounts[&quot;range_change&quot;] min 1" time="0.000073891">
        </testcase>
        <testcase classname="tests/scenarios/scenario.test.ts" name="Destroyer dive — player goes silent and torpedoes destroyer within 200 ticks &gt; completed within 200 ticks (reached tick 103)" time="0.000117838">
        </testcase>
        <testcase classname="tests/scenarios/scenario.test.ts" name="Destroyer dive — player goes silent and torpedoes destroyer within 200 ticks &gt; finalState predicate" time="0.000082334">
        </testcase>
        <testcase classname="tests/scenarios/scenario.test.ts" name="Destroyer dive — player goes silent and torpedoes destroyer within 200 ticks &gt; eventCounts[&quot;combat_start&quot;] exact 1" time="0.000087162">
        </testcase>
        <testcase classname="tests/scenarios/scenario.test.ts" name="Destroyer dive — player goes silent and torpedoes destroyer within 200 ticks &gt; eventCounts[&quot;combat_end&quot;] exact 1" time="0.000091858">
        </testcase>
        <testcase classname="tests/scenarios/scenario.test.ts" name="Destroyer dive — player goes silent and torpedoes destroyer within 200 ticks &gt; finalCombatResult === &quot;player_win&quot;" time="0.000089676">
        </testcase>
        <testcase classname="tests/scenarios/scenario.test.ts" name="Gunboat hunt — player closes and wins within 400 ticks &gt; completed within 400 ticks (reached tick 90)" time="0.000102294">
        </testcase>
        <testcase classname="tests/scenarios/scenario.test.ts" name="Gunboat hunt — player closes and wins within 400 ticks &gt; finalState predicate" time="0.000087111">
        </testcase>
        <testcase classname="tests/scenarios/scenario.test.ts" name="Gunboat hunt — player closes and wins within 400 ticks &gt; eventCounts[&quot;combat_start&quot;] exact 1" time="0.000084768">
        </testcase>
        <testcase classname="tests/scenarios/scenario.test.ts" name="Gunboat hunt — player closes and wins within 400 ticks &gt; eventCounts[&quot;combat_end&quot;] exact 1" time="0.000086461">
        </testcase>
        <testcase classname="tests/scenarios/scenario.test.ts" name="Gunboat hunt — player closes and wins within 400 ticks &gt; eventCounts[&quot;weapon_fired&quot;] min 1" time="0.000118939">
        </testcase>
        <testcase classname="tests/scenarios/scenario.test.ts" name="Gunboat hunt — player closes and wins within 400 ticks &gt; finalCombatResult === &quot;player_win&quot;" time="0.000087472">
        </testcase>
        <testcase classname="tests/scenarios/scenario.test.ts" name="Merchant hunt — approach at FULL_AHEAD and destroy &gt; completed within 200 ticks (reached tick 190)" time="0.000103226">
        </testcase>
        <testcase classname="tests/scenarios/scenario.test.ts" name="Merchant hunt — approach at FULL_AHEAD and destroy &gt; finalState predicate" time="0.000111929">
        </testcase>
        <testcase classname="tests/scenarios/scenario.test.ts" name="Merchant hunt — approach at FULL_AHEAD and destroy &gt; eventCounts[&quot;merchant_fled&quot;] min 1" time="0.000093801">
        </testcase>
        <testcase classname="tests/scenarios/scenario.test.ts" name="Merchant hunt — approach at FULL_AHEAD and destroy &gt; eventCounts[&quot;combat_end&quot;] exact 1" time="0.000094623">
        </testcase>
        <testcase classname="tests/scenarios/scenario.test.ts" name="Merchant hunt — approach at FULL_AHEAD and destroy &gt; eventCounts[&quot;range_change&quot;] min 1" time="0.000087552">
        </testcase>
        <testcase classname="tests/scenarios/scenario.test.ts" name="Merchant hunt — approach at FULL_AHEAD and destroy &gt; eventCounts[&quot;weapon_fired&quot;] min 3" time="0.000086701">
        </testcase>
        <testcase classname="tests/scenarios/scenario.test.ts" name="Merchant hunt — approach at FULL_AHEAD and destroy &gt; finalCombatResult === &quot;player_win&quot;" time="0.000154633">
        </testcase>
    </testsuite>
    <testsuite name="src/sim/__tests__/crew-assignment.test.ts" timestamp="2026-09-23T00:22:09.107Z" hostname="runnervmlun5p" tests="7" failures="0" errors="0" skipped="0" time="0.037828151">
        <testcase classname="src/sim/__tests__/crew-assignment.test.ts" name="setInitialState and engine basics &gt; initial state: player at SURFACE, enemy at default x after startCombat" time="0.00738004">
        </testcase>
        <testcase classname="src/sim/__tests__/crew-assignment.test.ts" name="setInitialState and engine basics &gt; startCombat emits combat_start on first tick" time="0.002529438">
        </testcase>
        <testcase classname="src/sim/__tests__/crew-assignment.test.ts" name="setInitialState and engine basics &gt; run 300 ticks vs merchant — combat ends with player_win when firing deck gun" time="0.003976723">
        </testcase>
        <testcase classname="src/sim/__tests__/crew-assignment.test.ts" name="setInitialState and engine basics &gt; setInitialState overrides enemy starting position before tick 1" time="0.001481226">
        </testcase>
        <testcase classname="src/sim/__tests__/crew-assignment.test.ts" name="setInitialState and engine basics &gt; setInitialState is a no-op after tick 1" time="0.00147725">
        </testcase>
        <testcase classname="src/sim/__tests__/crew-assignment.test.ts" name="setInitialState and engine basics &gt; setInitialState playerDepth overrides depth and y consistently" time="0.001350999">
        </testcase>
        <testcase classname="src/sim/__tests__/crew-assignment.test.ts" name="setInitialState and engine basics &gt; ScenarioInitial.enemyX affects combat via runScenario" time="0.012925671">
        </testcase>
    </testsuite>
    <testsuite name="src/sim/__tests__/destroyer-dive.test.ts" timestamp="2026-09-23T00:22:09.109Z" hostname="runnervmlun5p" tests="4" failures="0" errors="0" skipped="0" time="0.028584392">
        <testcase classname="src/sim/__tests__/destroyer-dive.test.ts" name="destroyer dive scenario &gt; initial state: player at SURFACE, enemy DESTROYER at default starting x" time="0.011541962">
        </testcase>
        <testcase classname="src/sim/__tests__/destroyer-dive.test.ts" name="destroyer dive scenario &gt; SET_DEPTH command updates depthTarget immediately" time="0.002931254">
        </testcase>
        <testcase classname="src/sim/__tests__/destroyer-dive.test.ts" name="destroyer dive scenario &gt; depth transitions: player reaches PERISCOPE after enough ticks" time="0.006987032">
        </testcase>
        <testcase classname="src/sim/__tests__/destroyer-dive.test.ts" name="destroyer dive scenario &gt; full playthrough: dive + DEAD_SLOW stealth + torpedo wins within 200 ticks" time="0.005661456">
        </testcase>
    </testsuite>
    <testsuite name="src/sim/__tests__/destroyer-pursuit.test.ts" timestamp="2026-09-23T00:22:09.110Z" hostname="runnervmlun5p" tests="8" failures="0" errors="0" skipped="0" time="0.037496866">
        <testcase classname="src/sim/__tests__/destroyer-pursuit.test.ts" name="destroyer pursuit scenario &gt; initial state: player at SURFACE, destroyer FULL_AHEAD CLOSE at LONG range" time="0.008296583">
        </testcase>
        <testcase classname="src/sim/__tests__/destroyer-pursuit.test.ts" name="destroyer pursuit scenario &gt; destroyer closes gap: enemy x decreases toward player over time" time="0.005578751">
        </testcase>
        <testcase classname="src/sim/__tests__/destroyer-pursuit.test.ts" name="destroyer pursuit scenario &gt; destroyer closes from LONG to SHORT within 60 ticks when player holds surface" time="0.001799657">
        </testcase>
        <testcase classname="src/sim/__tests__/destroyer-pursuit.test.ts" name="destroyer pursuit scenario &gt; tickCombat: destroyer fires depth_charge when player is submerged and close" time="0.001313022">
        </testcase>
        <testcase classname="src/sim/__tests__/destroyer-pursuit.test.ts" name="destroyer pursuit scenario &gt; tickCombat: enemy speed config is absolute and independent of player speed config" time="0.001154162">
        </testcase>
        <testcase classname="src/sim/__tests__/destroyer-pursuit.test.ts" name="destroyer pursuit scenario &gt; player win: dive silent and torpedo the destroyer within 400 ticks (seed 42)" time="0.006100574">
        </testcase>
        <testcase classname="src/sim/__tests__/destroyer-pursuit.test.ts" name="destroyer pursuit scenario &gt; position_report events emitted at configured interval" time="0.004210555">
        </testcase>
        <testcase classname="src/sim/__tests__/destroyer-pursuit.test.ts" name="destroyer pursuit scenario &gt; range_change event emitted when destroyer closes from LONG to SHORT" time="0.007332518">
        </testcase>
    </testsuite>
    <testsuite name="src/sim/__tests__/engine.test.ts" timestamp="2026-09-23T00:22:09.112Z" hostname="runnervmlun5p" tests="7" failures="0" errors="0" skipped="0" time="0.018300204">
        <testcase classname="src/sim/__tests__/engine.test.ts" name="SimEngine &gt; starts at tick 0" time="0.003907238">
        </testcase>
        <testcase classname="src/sim/__tests__/engine.test.ts" name="SimEngine &gt; increments tick on each call to tick()" time="0.001605694">
        </testcase>
        <testcase classname="src/sim/__tests__/engine.test.ts" name="SimEngine &gt; emits a hello event on tick 1" time="0.002536098">
        </testcase>
        <testcase classname="src/sim/__tests__/engine.test.ts" name="SimEngine &gt; does not emit additional hello events on subsequent ticks" time="0.001289957">
        </testcase>
        <testcase classname="src/sim/__tests__/engine.test.ts" name="SimEngine &gt; is deterministic: same seed produces same rngState after N ticks" time="0.003190947">
        </testcase>
        <testcase classname="src/sim/__tests__/engine.test.ts" name="SimEngine &gt; different seeds produce different rngState" time="0.002777212">
        </testcase>
        <testcase classname="src/sim/__tests__/engine.test.ts" name="SimEngine &gt; getState returns a copy — mutating it does not affect engine" time="0.001100762">
        </testcase>
    </testsuite>
    <testsuite name="src/sim/__tests__/gunboat-hunt.test.ts" timestamp="2026-09-23T00:22:09.114Z" hostname="runnervmlun5p" tests="6" failures="0" errors="0" skipped="0" time="0.023941048">
        <testcase classname="src/sim/__tests__/gunboat-hunt.test.ts" name="gunboat hunt scenario &gt; initial state: player at SURFACE, gunboat FULL_AHEAD CLOSE at LONG range" time="0.006695527">
        </testcase>
        <testcase classname="src/sim/__tests__/gunboat-hunt.test.ts" name="gunboat hunt scenario &gt; gunboat does not detect sub at PERISCOPE (visual-only gunboat, submerged target)" time="0.001500154">
        </testcase>
        <testcase classname="src/sim/__tests__/gunboat-hunt.test.ts" name="gunboat hunt scenario &gt; gunboat detects SURFACE sub at MEDIUM range" time="0.001100241">
        </testcase>
        <testcase classname="src/sim/__tests__/gunboat-hunt.test.ts" name="gunboat hunt scenario &gt; escape: result = escaped after player at DEEP DEAD_SLOW with no contact" time="0.003496638">
        </testcase>
        <testcase classname="src/sim/__tests__/gunboat-hunt.test.ts" name="gunboat hunt scenario &gt; player win: close then dive to fire torpedoes at gunboat within 400 ticks" time="0.004312289">
        </testcase>
        <testcase classname="src/sim/__tests__/gunboat-hunt.test.ts" name="gunboat hunt scenario &gt; range_change event emitted when gunboat closes from LONG to SHORT" time="0.002200912">
        </testcase>
    </testsuite>
    <testsuite name="src/sim/__tests__/sim.test.ts" timestamp="2026-09-23T00:22:09.115Z" hostname="runnervmlun5p" tests="10" failures="0" errors="0" skipped="0" time="0.04147096">
        <testcase classname="src/sim/__tests__/sim.test.ts" name="determinism &gt; same seed produces identical tick-by-tick state" time="0.015934573">
        </testcase>
        <testcase classname="src/sim/__tests__/sim.test.ts" name="determinism &gt; different seeds diverge by tick 10 (probabilistic)" time="0.003322615">
            <system-err>
[sim.test] WARN: seeds 1 and 999 produced identical logs at tick 10 — acceptable only while sim has no RNG-driven events beyond &apos;hello&apos;. Tighten this assertion once RNG events exist.

            </system-err>
        </testcase>
        <testcase classname="src/sim/__tests__/sim.test.ts" name="tick counter &gt; starts at 0 before any tick" time="0.001109865">
        </testcase>
        <testcase classname="src/sim/__tests__/sim.test.ts" name="tick counter &gt; increments by 1 per tick call" time="0.001741389">
        </testcase>
        <testcase classname="src/sim/__tests__/sim.test.ts" name="hello event &gt; emits exactly one hello event at tick 1" time="0.002525082">
        </testcase>
        <testcase classname="src/sim/__tests__/sim.test.ts" name="hello event &gt; does not emit hello event before tick 1" time="0.005593013">
        </testcase>
        <testcase classname="src/sim/__tests__/sim.test.ts" name="hello event &gt; does not emit a second hello event on tick 2" time="0.001660226">
        </testcase>
        <testcase classname="src/sim/__tests__/sim.test.ts" name="event log is append-only &gt; events from tick N are still present at tick N+1" time="0.001645704">
        </testcase>
        <testcase classname="src/sim/__tests__/sim.test.ts" name="event log is append-only &gt; running N ticks produces a monotonically growing log" time="0.004029503">
        </testcase>
        <testcase classname="src/sim/__tests__/sim.test.ts" name="getState() returns a snapshot &gt; mutating the returned snapshot does not corrupt engine state" time="0.0019141">
        </testcase>
    </testsuite>
    <testsuite name="src/sim/combat/__tests__/detection.test.ts" timestamp="2026-09-23T00:22:09.118Z" hostname="runnervmlun5p" tests="5" failures="0" errors="0" skipped="0" time="0.009973324">
        <testcase classname="src/sim/combat/__tests__/detection.test.ts" name="computeVisibility &gt; returns NONE when observer has no detection methods" time="0.004273471">
        </testcase>
        <testcase classname="src/sim/combat/__tests__/detection.test.ts" name="computeVisibility &gt; NONE for destroyer passive sonar at DEAD_SLOW DEEP at LONG" time="0.000400434">
        </testcase>
        <testcase classname="src/sim/combat/__tests__/detection.test.ts" name="computeVisibility &gt; LOCKED_ON for destroyer visual at FLANK+SURFACE at CONTACT_RANGE" time="0.000223658">
        </testcase>
        <testcase classname="src/sim/combat/__tests__/detection.test.ts" name="computeVisibility &gt; takes max across detection methods" time="0.000258871">
        </testcase>
        <testcase classname="src/sim/combat/__tests__/detection.test.ts" name="computeVisibility &gt; returns NONE for destroyer sonar at depth ABYSSAL (observer)" time="0.003371689">
        </testcase>
    </testsuite>
    <testsuite name="src/sim/combat/__tests__/geometry.test.ts" timestamp="2026-09-23T00:22:09.120Z" hostname="runnervmlun5p" tests="19" failures="0" errors="0" skipped="0" time="0.009823378">
        <testcase classname="src/sim/combat/__tests__/geometry.test.ts" name="euclideanDistance &gt; returns 0 for zero deltas" time="0.004197457">
        </testcase>
        <testcase classname="src/sim/combat/__tests__/geometry.test.ts" name="euclideanDistance &gt; returns correct distance for 3-4-5 triangle" time="0.000341726">
        </testcase>
        <testcase classname="src/sim/combat/__tests__/geometry.test.ts" name="euclideanDistance &gt; returns dx for dy=0" time="0.000172941">
        </testcase>
        <testcase classname="src/sim/combat/__tests__/geometry.test.ts" name="toRangeBand &gt; CONTACT_RANGE for distance 0" time="0.000281385">
        </testcase>
        <testcase classname="src/sim/combat/__tests__/geometry.test.ts" name="toRangeBand &gt; CONTACT_RANGE for distance just under BAND_SIZE" time="0.00019235">
        </testcase>
        <testcase classname="src/sim/combat/__tests__/geometry.test.ts" name="toRangeBand &gt; SHORT for distance equal to BAND_SIZE" time="0.000211269">
        </testcase>
        <testcase classname="src/sim/combat/__tests__/geometry.test.ts" name="toRangeBand &gt; MEDIUM for distance 2*BAND_SIZE" time="0.000154854">
        </testcase>
        <testcase classname="src/sim/combat/__tests__/geometry.test.ts" name="toRangeBand &gt; LONG for distance 3*BAND_SIZE" time="0.000128353">
        </testcase>
        <testcase classname="src/sim/combat/__tests__/geometry.test.ts" name="toRangeBand &gt; EXTREME for distance 4*BAND_SIZE" time="0.000351441">
        </testcase>
        <testcase classname="src/sim/combat/__tests__/geometry.test.ts" name="toRangeBand &gt; clamps to EXTREME for very large distance" time="0.000230708">
        </testcase>
        <testcase classname="src/sim/combat/__tests__/geometry.test.ts" name="toDepthBand &gt; SURFACE for y=0" time="0.000178679">
        </testcase>
        <testcase classname="src/sim/combat/__tests__/geometry.test.ts" name="toDepthBand &gt; PERISCOPE for y=BAND_SIZE" time="0.000116125">
        </testcase>
        <testcase classname="src/sim/combat/__tests__/geometry.test.ts" name="toDepthBand &gt; ABYSSAL for y=4*BAND_SIZE" time="0.000252371">
        </testcase>
        <testcase classname="src/sim/combat/__tests__/geometry.test.ts" name="toDepthBand &gt; clamps to ABYSSAL for very large y" time="0.000114052">
        </testcase>
        <testcase classname="src/sim/combat/__tests__/geometry.test.ts" name="depthOffsetBand &gt; returns 0 for offset 0" time="0.000156486">
        </testcase>
        <testcase classname="src/sim/combat/__tests__/geometry.test.ts" name="depthOffsetBand &gt; returns 0 for offset just under BAND_SIZE" time="0.000160092">
        </testcase>
        <testcase classname="src/sim/combat/__tests__/geometry.test.ts" name="depthOffsetBand &gt; returns 1 for offset equal to BAND_SIZE" time="0.000095845">
        </testcase>
        <testcase classname="src/sim/combat/__tests__/geometry.test.ts" name="depthOffsetBand &gt; works with negative values (uses abs)" time="0.000081493">
        </testcase>
        <testcase classname="src/sim/combat/__tests__/geometry.test.ts" name="depthOffsetBand &gt; clamps to 4 for large offsets" time="0.0001258">
        </testcase>
    </testsuite>
    <testsuite name="src/sim/combat/__tests__/weapons.test.ts" timestamp="2026-09-23T00:22:09.124Z" hostname="runnervmlun5p" tests="5" failures="0" errors="0" skipped="0" time="0.008808356">
        <testcase classname="src/sim/combat/__tests__/weapons.test.ts" name="resolveWeaponFire &gt; returns fired=false when visibility is NONE" time="0.005917272">
        </testcase>
        <testcase classname="src/sim/combat/__tests__/weapons.test.ts" name="resolveWeaponFire &gt; returns fired=false when hitRate is 0 (out of range)" time="0.000432252">
        </testcase>
        <testcase classname="src/sim/combat/__tests__/weapons.test.ts" name="resolveWeaponFire &gt; fires when visibility &gt; NONE and hitRate &gt; 0" time="0.0002583">
        </testcase>
        <testcase classname="src/sim/combat/__tests__/weapons.test.ts" name="resolveWeaponFire &gt; damage matches config matrix when fired and hit" time="0.000335566">
        </testcase>
        <testcase classname="src/sim/combat/__tests__/weapons.test.ts" name="resolveWeaponFire &gt; returns fired=false for unknown weapon id" time="0.000267344">
        </testcase>
    </testsuite>
</testsuites>
