<?xml version="1.0" encoding="UTF-8" ?>
<testsuites name="vitest tests" tests="68" failures="0" errors="0" time="0.096975755">
    <testsuite name="tests/scenarios/scenario.test.ts" timestamp="2026-05-28T00:49:53.891Z" hostname="runnervm3jyl0" tests="27" failures="0" errors="0" skipped="0" time="0.008131393">
        <testcase classname="tests/scenarios/scenario.test.ts" name="Smoke — runner emits hello on tick 1, 10-tick passive run &gt; completed within 10 ticks (reached tick 10)" time="0.001763074">
        </testcase>
        <testcase classname="tests/scenarios/scenario.test.ts" name="Smoke — runner emits hello on tick 1, 10-tick passive run &gt; hello event emitted at tick 1" time="0.000467203">
        </testcase>
        <testcase classname="tests/scenarios/scenario.test.ts" name="Smoke — runner emits hello on tick 1, 10-tick passive run &gt; finalState predicate" time="0.000190556">
        </testcase>
        <testcase classname="tests/scenarios/scenario.test.ts" name="Smoke — runner emits hello on tick 1, 10-tick passive run &gt; eventCounts[&quot;hello&quot;] exact 1" time="0.000145301">
        </testcase>
        <testcase classname="tests/scenarios/scenario.test.ts" name="Surface battle — merchant destroyed before tick 150 &gt; completed within 150 ticks (reached tick 32)" time="0.000162634">
        </testcase>
        <testcase classname="tests/scenarios/scenario.test.ts" name="Surface battle — merchant destroyed before tick 150 &gt; finalState predicate" time="0.000197109">
        </testcase>
        <testcase classname="tests/scenarios/scenario.test.ts" name="Surface battle — merchant destroyed before tick 150 &gt; eventCounts[&quot;combat_start&quot;] min 1" time="0.000126616">
        </testcase>
        <testcase classname="tests/scenarios/scenario.test.ts" name="Surface battle — merchant destroyed before tick 150 &gt; eventCounts[&quot;range_change&quot;] min 1" time="0.000099325">
        </testcase>
        <testcase classname="tests/scenarios/scenario.test.ts" name="Surface battle — merchant destroyed before tick 150 &gt; eventCounts[&quot;shot_fired&quot;] min 1" time="0.000345916">
        </testcase>
        <testcase classname="tests/scenarios/scenario.test.ts" name="Surface battle — merchant destroyed before tick 150 &gt; eventCounts[&quot;combat_end&quot;] exact 1" time="0.000189183">
        </testcase>
        <testcase classname="tests/scenarios/scenario.test.ts" name="Surface battle — merchant destroyed before tick 150 &gt; finalCombatResult === &quot;player_win&quot;" time="0.000164627">
        </testcase>
        <testcase classname="tests/scenarios/scenario.test.ts" name="Destroyer closes from LONG to SHORT within 60 ticks (player holds surface) &gt; completed within 60 ticks (reached tick 60)" time="0.000089417">
        </testcase>
        <testcase classname="tests/scenarios/scenario.test.ts" name="Destroyer closes from LONG to SHORT within 60 ticks (player holds surface) &gt; finalState predicate" time="0.000161352">
        </testcase>
        <testcase classname="tests/scenarios/scenario.test.ts" name="Destroyer closes from LONG to SHORT within 60 ticks (player holds surface) &gt; eventCounts[&quot;combat_start&quot;] exact 1" time="0.00010207">
        </testcase>
        <testcase classname="tests/scenarios/scenario.test.ts" name="Destroyer closes from LONG to SHORT within 60 ticks (player holds surface) &gt; eventCounts[&quot;range_change&quot;] min 1" time="0.000100588">
        </testcase>
        <testcase classname="tests/scenarios/scenario.test.ts" name="Destroyer dive — player dives and torpedoes destroyer within 300 ticks &gt; completed within 300 ticks (reached tick 34)" time="0.00012301">
        </testcase>
        <testcase classname="tests/scenarios/scenario.test.ts" name="Destroyer dive — player dives and torpedoes destroyer within 300 ticks &gt; finalState predicate" time="0.000118702">
        </testcase>
        <testcase classname="tests/scenarios/scenario.test.ts" name="Destroyer dive — player dives and torpedoes destroyer within 300 ticks &gt; eventCounts[&quot;combat_start&quot;] exact 1" time="0.000077064">
        </testcase>
        <testcase classname="tests/scenarios/scenario.test.ts" name="Destroyer dive — player dives and torpedoes destroyer within 300 ticks &gt; eventCounts[&quot;combat_end&quot;] exact 1" time="0.000075391">
        </testcase>
        <testcase classname="tests/scenarios/scenario.test.ts" name="Destroyer dive — player dives and torpedoes destroyer within 300 ticks &gt; eventCounts[&quot;shot_fired&quot;] min 1" time="0.0000805">
        </testcase>
        <testcase classname="tests/scenarios/scenario.test.ts" name="Destroyer dive — player dives and torpedoes destroyer within 300 ticks &gt; finalCombatResult === &quot;player_win&quot;" time="0.000081613">
        </testcase>
        <testcase classname="tests/scenarios/scenario.test.ts" name="Gunboat hunt — player closes and wins with torpedoes within 400 ticks &gt; completed within 400 ticks (reached tick 73)" time="0.000103724">
        </testcase>
        <testcase classname="tests/scenarios/scenario.test.ts" name="Gunboat hunt — player closes and wins with torpedoes within 400 ticks &gt; finalState predicate" time="0.000094176">
        </testcase>
        <testcase classname="tests/scenarios/scenario.test.ts" name="Gunboat hunt — player closes and wins with torpedoes within 400 ticks &gt; eventCounts[&quot;combat_start&quot;] exact 1" time="0.000076192">
        </testcase>
        <testcase classname="tests/scenarios/scenario.test.ts" name="Gunboat hunt — player closes and wins with torpedoes within 400 ticks &gt; eventCounts[&quot;combat_end&quot;] exact 1" time="0.000084518">
        </testcase>
        <testcase classname="tests/scenarios/scenario.test.ts" name="Gunboat hunt — player closes and wins with torpedoes within 400 ticks &gt; eventCounts[&quot;shot_fired&quot;] min 1" time="0.000093304">
        </testcase>
        <testcase classname="tests/scenarios/scenario.test.ts" name="Gunboat hunt — player closes and wins with torpedoes within 400 ticks &gt; finalCombatResult === &quot;player_win&quot;" time="0.000127789">
        </testcase>
    </testsuite>
    <testsuite name="src/sim/__tests__/crew-assignment.test.ts" timestamp="2026-05-28T00:49:53.904Z" hostname="runnervm3jyl0" tests="7" failures="0" errors="0" skipped="0" time="0.025607319">
        <testcase classname="src/sim/__tests__/crew-assignment.test.ts" name="crew assignment — in-process unit tests &gt; initial state has crew[0].roomId === &apos;bridge&apos;" time="0.004448722">
        </testcase>
        <testcase classname="src/sim/__tests__/crew-assignment.test.ts" name="crew assignment — in-process unit tests &gt; ASSIGN_CREW moves mate to deck_gun and updates both rooms" time="0.002162281">
        </testcase>
        <testcase classname="src/sim/__tests__/crew-assignment.test.ts" name="crew assignment — in-process unit tests &gt; run 150 ticks with crew at deck_gun — combat ends with player_win" time="0.005016543">
        </testcase>
        <testcase classname="src/sim/__tests__/crew-assignment.test.ts" name="crew assignment — in-process unit tests &gt; setInitialState overrides enemy starting position before tick 1" time="0.003551686">
        </testcase>
        <testcase classname="src/sim/__tests__/crew-assignment.test.ts" name="crew assignment — in-process unit tests &gt; setInitialState is a no-op after tick 1" time="0.000317643">
        </testcase>
        <testcase classname="src/sim/__tests__/crew-assignment.test.ts" name="crew assignment — in-process unit tests &gt; setInitialState playerDepth overrides depth and y consistently" time="0.00058867">
        </testcase>
        <testcase classname="src/sim/__tests__/crew-assignment.test.ts" name="crew assignment — in-process unit tests &gt; ScenarioInitial.enemyX affects combat via runScenario" time="0.007819062">
        </testcase>
    </testsuite>
    <testsuite name="src/sim/__tests__/destroyer-dive.test.ts" timestamp="2026-05-28T00:49:53.905Z" hostname="runnervm3jyl0" tests="4" failures="0" errors="0" skipped="0" time="0.01168369">
        <testcase classname="src/sim/__tests__/destroyer-dive.test.ts" name="destroyer_dive scenario &gt; initial state: two crew, bridge + engine, torpedo room empty" time="0.003967613">
        </testcase>
        <testcase classname="src/sim/__tests__/destroyer-dive.test.ts" name="destroyer_dive scenario &gt; SET_DEPTH is gated on bridge crew; ASSIGN_CREW moves engineer to torpedo" time="0.001426616">
        </testcase>
        <testcase classname="src/sim/__tests__/destroyer-dive.test.ts" name="destroyer_dive scenario &gt; depth transitions: player reaches PERISCOPE after 6 ticks" time="0.002289768">
        </testcase>
        <testcase classname="src/sim/__tests__/destroyer-dive.test.ts" name="destroyer_dive scenario &gt; full playthrough: dive + torpedo crew leads to player_win within 300 ticks" time="0.002406527">
        </testcase>
    </testsuite>
    <testsuite name="src/sim/__tests__/destroyer-pursuit.test.ts" timestamp="2026-05-28T00:49:53.906Z" hostname="runnervm3jyl0" tests="8" failures="0" errors="0" skipped="0" time="0.013623613">
        <testcase classname="src/sim/__tests__/destroyer-pursuit.test.ts" name="destroyer_battle scenario &gt; initial state: player at SURFACE HOLD, enemy at LONG AHEAD_FULL CLOSE, destroyerSpeed=15" time="0.002303793">
        </testcase>
        <testcase classname="src/sim/__tests__/destroyer-pursuit.test.ts" name="destroyer_battle scenario &gt; destroyer closes gap from LONG to SHORT within 60 ticks when player holds surface" time="0.002797457">
        </testcase>
        <testcase classname="src/sim/__tests__/destroyer-pursuit.test.ts" name="destroyer_battle scenario &gt; destroyer does NOT hold after firing a depth charge — direction stays CLOSE" time="0.000977997">
        </testcase>
        <testcase classname="src/sim/__tests__/destroyer-pursuit.test.ts" name="destroyer_battle scenario &gt; enemy aheadFullSpeed is absolute and independent of player xSpeed settings" time="0.000481219">
        </testcase>
        <testcase classname="src/sim/__tests__/destroyer-pursuit.test.ts" name="destroyer_battle scenario &gt; player win: dive and torpedo the destroyer within 400 ticks (seed 0)" time="0.001653841">
        </testcase>
        <testcase classname="src/sim/__tests__/destroyer-pursuit.test.ts" name="destroyer_battle scenario &gt; sub at DEEP loses sonar contact at any range — including RAMMING" time="0.00072268">
        </testcase>
        <testcase classname="src/sim/__tests__/destroyer-pursuit.test.ts" name="destroyer_battle scenario &gt; destroyer searches last known range when contact lost — closes if beyond, holds if at it" time="0.000299119">
        </testcase>
        <testcase classname="src/sim/__tests__/destroyer-pursuit.test.ts" name="destroyer_battle scenario &gt; position_report event emitted at tick 50 and 100" time="0.002785204">
        </testcase>
    </testsuite>
    <testsuite name="src/sim/__tests__/engine.test.ts" timestamp="2026-05-28T00:49:53.908Z" hostname="runnervm3jyl0" tests="7" failures="0" errors="0" skipped="0" time="0.006914049">
        <testcase classname="src/sim/__tests__/engine.test.ts" name="SimEngine &gt; starts at tick 0" time="0.00190549">
        </testcase>
        <testcase classname="src/sim/__tests__/engine.test.ts" name="SimEngine &gt; increments tick on each call to tick()" time="0.000578652">
        </testcase>
        <testcase classname="src/sim/__tests__/engine.test.ts" name="SimEngine &gt; emits a hello event on tick 1" time="0.001531521">
        </testcase>
        <testcase classname="src/sim/__tests__/engine.test.ts" name="SimEngine &gt; does not emit additional hello events on subsequent ticks" time="0.000317754">
        </testcase>
        <testcase classname="src/sim/__tests__/engine.test.ts" name="SimEngine &gt; is deterministic: same seed produces same rngState after N ticks" time="0.000450592">
        </testcase>
        <testcase classname="src/sim/__tests__/engine.test.ts" name="SimEngine &gt; different seeds produce different rngState" time="0.000397693">
        </testcase>
        <testcase classname="src/sim/__tests__/engine.test.ts" name="SimEngine &gt; getState returns a copy — mutating it does not affect engine" time="0.000354483">
        </testcase>
    </testsuite>
    <testsuite name="src/sim/__tests__/gunboat-hunt.test.ts" timestamp="2026-05-28T00:49:53.910Z" hostname="runnervm3jyl0" tests="5" failures="0" errors="0" skipped="0" time="0.016726643">
        <testcase classname="src/sim/__tests__/gunboat-hunt.test.ts" name="gunboat_hunt scenario &gt; initial state: sub at SURFACE, 2 crew (mate in bridge, engineer in torpedo), gunboat AHEAD_FULL CLOSE" time="0.00544834">
        </testcase>
        <testcase classname="src/sim/__tests__/gunboat-hunt.test.ts" name="gunboat_hunt scenario &gt; gunboat does not detect sub at SHALLOW (visual only)" time="0.00257976">
        </testcase>
        <testcase classname="src/sim/__tests__/gunboat-hunt.test.ts" name="gunboat_hunt scenario &gt; blind shots: gunboat fires up to 3 blind shots after sub dives from PERISCOPE to SHALLOW" time="0.002277305">
        </testcase>
        <testcase classname="src/sim/__tests__/gunboat-hunt.test.ts" name="gunboat_hunt scenario &gt; escape: result = escaped after 20 ticks at LONG range with no contact and OPEN net direction" time="0.000712821">
        </testcase>
        <testcase classname="src/sim/__tests__/gunboat-hunt.test.ts" name="gunboat_hunt scenario &gt; player win: seed 42, close then dive to fire torpedos at gunboat within 400 ticks" time="0.003506432">
        </testcase>
    </testsuite>
    <testsuite name="src/sim/__tests__/sim.test.ts" timestamp="2026-05-28T00:49:53.911Z" hostname="runnervm3jyl0" tests="10" failures="0" errors="0" skipped="0" time="0.014289048">
        <testcase classname="src/sim/__tests__/sim.test.ts" name="determinism &gt; same seed produces identical tick-by-tick state" time="0.004641983">
        </testcase>
        <testcase classname="src/sim/__tests__/sim.test.ts" name="determinism &gt; different seeds diverge by tick 10 (probabilistic)" time="0.002416455">
            <system-err>
[sim.test] WARN: seeds 1 and 999 produced identical logs at tick 10 — acceptable only while sim has no RNG-driven events beyond &apos;hello&apos;. Tighten this assertion once RNG events exist.

            </system-err>
        </testcase>
        <testcase classname="src/sim/__tests__/sim.test.ts" name="tick counter &gt; starts at 0 before any tick" time="0.000204131">
        </testcase>
        <testcase classname="src/sim/__tests__/sim.test.ts" name="tick counter &gt; increments by 1 per tick call" time="0.000332171">
        </testcase>
        <testcase classname="src/sim/__tests__/sim.test.ts" name="hello event &gt; emits exactly one hello event at tick 1" time="0.001719624">
        </testcase>
        <testcase classname="src/sim/__tests__/sim.test.ts" name="hello event &gt; does not emit hello event before tick 1" time="0.000393464">
        </testcase>
        <testcase classname="src/sim/__tests__/sim.test.ts" name="hello event &gt; does not emit a second hello event on tick 2" time="0.000427499">
        </testcase>
        <testcase classname="src/sim/__tests__/sim.test.ts" name="event log is append-only &gt; events from tick N are still present at tick N+1" time="0.000758978">
        </testcase>
        <testcase classname="src/sim/__tests__/sim.test.ts" name="event log is append-only &gt; running N ticks produces a monotonically growing log" time="0.000746294">
        </testcase>
        <testcase classname="src/sim/__tests__/sim.test.ts" name="getState() returns a snapshot &gt; mutating the returned snapshot does not corrupt engine state" time="0.000490016">
        </testcase>
    </testsuite>
</testsuites>
